[0m21:01:56.610180 [debug] [MainThread]: Sending event: {'category': 'dbt', 'action': 'invocation', 'label': 'start', 'context': [<snowplow_tracker.self_describing_json.SelfDescribingJson object at 0x0000013EB8FF34D0>, <snowplow_tracker.self_describing_json.SelfDescribingJson object at 0x0000013EB7FB91D0>, <snowplow_tracker.self_describing_json.SelfDescribingJson object at 0x0000013EB8FF7AD0>]}


============================== 21:01:56.895412 | 3c4c6ceb-bae2-4ec9-ba86-793b788f7464 ==============================
[0m21:01:56.895412 [info ] [MainThread]: Running with dbt=1.11.11
[0m21:01:56.897918 [debug] [MainThread]: running dbt with arguments {'version_check': 'True', 'no_print': 'None', 'static_parser': 'True', 'target_path': 'None', 'warn_error_options': 'WarnErrorOptionsV2(error=[], warn=[], silence=[])', 'printer_width': '80', 'write_json': 'True', 'empty': 'None', 'log_cache_events': 'False', 'introspect': 'True', 'cache_selected_only': 'False', 'fail_fast': 'False', 'debug': 'False', 'log_format': 'default', 'profiles_dir': 'C:\\Users\\prana\\.dbt', 'send_anonymous_usage_stats': 'True', 'quiet': 'False', 'warn_error': 'None', 'partial_parse': 'True', 'invocation_command': 'dbt init', 'indirect_selection': 'eager', 'use_colors': 'True', 'use_experimental_parser': 'False', 'log_path': 'logs'}
[0m21:01:57.554838 [info ] [MainThread]: Creating dbt configuration folder at C:\Users\prana\.dbt
[0m21:02:25.663133 [debug] [MainThread]: Starter project path: D:\DBT\DBT_Project\.venv\Lib\site-packages\dbt\include\starter_project
[0m21:02:25.787032 [info ] [MainThread]: 
Your new dbt project "dbt_tutorial" was created!

For more information on how to configure the profiles.yml file,
please consult the dbt documentation here:

  https://docs.getdbt.com/docs/configure-your-profile

One more thing:

Need help? Don't hesitate to reach out to us via GitHub issues or on Slack:

  https://community.getdbt.com/

Happy modeling!

[0m21:02:25.788028 [info ] [MainThread]: Setting up your profile.
[0m21:03:15.419016 [debug] [MainThread]: Spark adapter: Setting pyhive.hive logging to ERROR
[0m21:03:15.421438 [debug] [MainThread]: Spark adapter: Setting thrift.transport logging to ERROR
[0m21:03:15.422434 [debug] [MainThread]: Spark adapter: Setting thrift.protocol logging to ERROR
[0m21:08:08.146028 [info ] [MainThread]: Profile dbt_tutorial written to C:\Users\prana\.dbt\profiles.yml using target's profile_template.yml and your supplied values. Run 'dbt debug' to validate the connection.
[0m21:08:08.150555 [debug] [MainThread]: Command `dbt init` succeeded at 21:08:08.149554 after 371.77 seconds
[0m21:08:08.151551 [debug] [MainThread]: Sending event: {'category': 'dbt', 'action': 'invocation', 'label': 'end', 'context': [<snowplow_tracker.self_describing_json.SelfDescribingJson object at 0x0000013EB7FC1A50>, <snowplow_tracker.self_describing_json.SelfDescribingJson object at 0x0000013EB901FF50>, <snowplow_tracker.self_describing_json.SelfDescribingJson object at 0x0000013EB901F090>]}
[0m21:08:08.153551 [debug] [MainThread]: Flushing usage events
[0m21:08:09.673758 [debug] [MainThread]: An error was encountered while trying to flush usage events
[0m21:08:25.395924 [debug] [MainThread]: Sending event: {'category': 'dbt', 'action': 'invocation', 'label': 'start', 'context': [<snowplow_tracker.self_describing_json.SelfDescribingJson object at 0x000001CEC0852410>, <snowplow_tracker.self_describing_json.SelfDescribingJson object at 0x000001CEC1943AD0>, <snowplow_tracker.self_describing_json.SelfDescribingJson object at 0x000001CEC09094D0>]}


============================== 21:08:25.417488 | e669135f-1de2-4923-83f5-b3122bf469de ==============================
[0m21:08:25.417488 [info ] [MainThread]: Running with dbt=1.11.11
[0m21:08:25.419000 [debug] [MainThread]: running dbt with arguments {'version_check': 'True', 'no_print': 'None', 'static_parser': 'True', 'target_path': 'None', 'warn_error_options': 'WarnErrorOptionsV2(error=[], warn=[], silence=[])', 'printer_width': '80', 'write_json': 'True', 'empty': 'None', 'log_cache_events': 'False', 'introspect': 'True', 'cache_selected_only': 'False', 'fail_fast': 'False', 'debug': 'False', 'log_format': 'default', 'profiles_dir': 'C:\\Users\\prana\\.dbt', 'send_anonymous_usage_stats': 'True', 'quiet': 'False', 'warn_error': 'None', 'partial_parse': 'True', 'use_colors': 'True', 'invocation_command': 'dbt debug', 'indirect_selection': 'eager', 'use_experimental_parser': 'False', 'log_path': 'logs'}
[0m21:08:25.857205 [info ] [MainThread]: dbt version: 1.11.11
[0m21:08:25.859718 [info ] [MainThread]: python version: 3.11.3
[0m21:08:25.860733 [info ] [MainThread]: python path: D:\DBT\DBT_Project\.venv\Scripts\python.exe
[0m21:08:25.862731 [info ] [MainThread]: os info: Windows-10-10.0.26200-SP0
[0m21:08:31.072796 [debug] [MainThread]: Spark adapter: Setting pyhive.hive logging to ERROR
[0m21:08:31.073801 [debug] [MainThread]: Spark adapter: Setting thrift.transport logging to ERROR
[0m21:08:31.075799 [debug] [MainThread]: Spark adapter: Setting thrift.protocol logging to ERROR
[0m21:08:40.993876 [info ] [MainThread]: Using profiles dir at C:\Users\prana\.dbt
[0m21:08:40.994873 [info ] [MainThread]: Using profiles.yml file at C:\Users\prana\.dbt\profiles.yml
[0m21:08:40.995872 [info ] [MainThread]: Using dbt_project.yml file at D:\DBT\DBT_Project\dbt_project.yml
[0m21:08:40.997874 [info ] [MainThread]: adapter type: databricks
[0m21:08:40.999391 [info ] [MainThread]: adapter version: 1.12.1
[0m21:08:41.001403 [info ] [MainThread]: Configuration:
[0m21:08:41.002416 [info ] [MainThread]:   profiles.yml file [[32mOK found and valid[0m]
[0m21:08:41.004414 [info ] [MainThread]:   dbt_project.yml file [[31mERROR not found[0m]
[0m21:08:41.006414 [info ] [MainThread]: Required dependencies:
[0m21:08:41.007413 [debug] [MainThread]: Executing "git --help"
[0m21:08:41.133089 [debug] [MainThread]: STDOUT: "b"usage: git [-v | --version] [-h | --help] [-C <path>] [-c <name>=<value>]\n           [--exec-path[=<path>]] [--html-path] [--man-path] [--info-path]\n           [-p | --paginate | -P | --no-pager] [--no-replace-objects] [--bare]\n           [--git-dir=<path>] [--work-tree=<path>] [--namespace=<name>]\n           [--config-env=<name>=<envvar>] <command> [<args>]\n\nThese are common Git commands used in various situations:\n\nstart a working area (see also: git help tutorial)\n   clone     Clone a repository into a new directory\n   init      Create an empty Git repository or reinitialize an existing one\n\nwork on the current change (see also: git help everyday)\n   add       Add file contents to the index\n   mv        Move or rename a file, a directory, or a symlink\n   restore   Restore working tree files\n   rm        Remove files from the working tree and from the index\n\nexamine the history and state (see also: git help revisions)\n   bisect    Use binary search to find the commit that introduced a bug\n   diff      Show changes between commits, commit and working tree, etc\n   grep      Print lines matching a pattern\n   log       Show commit logs\n   show      Show various types of objects\n   status    Show the working tree status\n\ngrow, mark and tweak your common history\n   branch    List, create, or delete branches\n   commit    Record changes to the repository\n   merge     Join two or more development histories together\n   rebase    Reapply commits on top of another base tip\n   reset     Reset current HEAD to the specified state\n   switch    Switch branches\n   tag       Create, list, delete or verify a tag object signed with GPG\n\ncollaborate (see also: git help workflows)\n   fetch     Download objects and refs from another repository\n   pull      Fetch from and integrate with another repository or a local branch\n   push      Update remote refs along with associated objects\n\n'git help -a' and 'git help -g' list available subcommands and some\nconcept guides. See 'git help <command>' or 'git help <concept>'\nto read about a specific subcommand or concept.\nSee 'git help git' for an overview of the system.\n""
[0m21:08:41.135093 [debug] [MainThread]: STDERR: "b''"
[0m21:08:41.136095 [info ] [MainThread]:  - git [[32mOK found[0m]

[0m21:08:41.137093 [info ] [MainThread]: Connection:
[0m21:08:41.138095 [info ] [MainThread]:   host: dbc-1c4b93cb-cc9e.cloud.databricks.com
[0m21:08:41.139604 [info ] [MainThread]:   http_path: /sql/1.0/warehouses/fd618408d274d42b
[0m21:08:41.140620 [info ] [MainThread]:   catalog: dbt_tutorial_dev
[0m21:08:41.142617 [info ] [MainThread]:   schema: default
[0m21:08:41.144620 [info ] [MainThread]: Registered adapter: databricks=1.12.1
[0m21:08:43.001022 [debug] [MainThread]: Databricks adapter: DatabricksDBTConnection(session-id=None, name=debug) - Creating connection
[0m21:08:43.003033 [debug] [MainThread]: Acquiring new databricks connection 'debug'
[0m21:08:44.336950 [info ] [MainThread]: Databricks adapter:   SPOG host (host_type='workspace'): no
[0m21:08:44.337952 [info ] [MainThread]: Databricks adapter:   workspace_id (from ?o= in http_path): None
[0m21:08:44.340477 [info ] [MainThread]: Databricks adapter:   databricks-sql-connector version: 4.2.6 (supported)
[0m21:08:44.341475 [info ] [MainThread]: Databricks adapter:   databricks-sdk version: 0.104.0 (supported)
[0m21:08:44.343479 [debug] [MainThread]: Using databricks connection "debug"
[0m21:08:44.344484 [debug] [MainThread]: On debug: select 1 as id
[0m21:08:44.346477 [debug] [MainThread]: Opening a new connection, currently in state init
[0m21:08:46.917965 [error] [MainThread]: databricks-sql-connector adapter: ThriftBackend.attempt_request: Exception: %s
[0m21:08:46.945752 [error] [MainThread]: Databricks adapter: Connection(session-id=Unknown) - Exception while trying to create connection: Error during request to server: : Credential was not sent or was of an unsupported type for this API.. 
Error properties: attempt=1/30, bounded-retry-delay=None, elapsed-seconds=1.2737681865692139/900.0, error-message=: Credential was not sent or was of an unsupported type for this API., http-code=401, method=OpenSession, no-retry-reason=non-retryable error, original-exception=, query-id=None, session-id=None
[0m21:08:46.948752 [debug] [MainThread]: Databricks adapter: Exception while trying to execute query
select 1 as id
: Database Error
  Error during request to server: : Credential was not sent or was of an unsupported type for this API.. 
[0m21:08:46.950261 [debug] [MainThread]: On debug: No close available on handle
[0m21:08:46.952287 [info ] [MainThread]:   Connection test: [[31mERROR[0m]

[0m21:08:46.954289 [info ] [MainThread]: [31m2 checks failed:[0m
[0m21:08:46.956690 [info ] [MainThread]: Project loading failed for the following reason:
 project path <D:\DBT\DBT_Project\dbt_project.yml> not found

[0m21:08:46.959708 [info ] [MainThread]: dbt was unable to connect to the specified database.
The database returned the following error:

  >Database Error
  Database Error
    Error during request to server: : Credential was not sent or was of an unsupported type for this API.. 

Check your database credentials and try again. For more information, visit:
https://docs.getdbt.com/docs/configure-your-profile


[0m21:08:46.965246 [debug] [MainThread]: Command `dbt debug` failed at 21:08:46.964248 after 21.79 seconds
[0m21:08:46.967248 [debug] [MainThread]: Sending event: {'category': 'dbt', 'action': 'invocation', 'label': 'end', 'context': [<snowplow_tracker.self_describing_json.SelfDescribingJson object at 0x000001CEC1944690>, <snowplow_tracker.self_describing_json.SelfDescribingJson object at 0x000001CEC1944150>, <snowplow_tracker.self_describing_json.SelfDescribingJson object at 0x000001CEC0851D90>]}
[0m21:08:46.969772 [debug] [MainThread]: Flushing usage events
[0m21:08:48.357836 [debug] [MainThread]: An error was encountered while trying to flush usage events
[0m11:13:47.017738 [debug] [MainThread]: Sending event: {'category': 'dbt', 'action': 'invocation', 'label': 'start', 'context': [<snowplow_tracker.self_describing_json.SelfDescribingJson object at 0x000001F30F200FB0>, <snowplow_tracker.self_describing_json.SelfDescribingJson object at 0x000001F30F547950>, <snowplow_tracker.self_describing_json.SelfDescribingJson object at 0x000001F30F6E6540>]}


============================== 11:13:47.055674 | 27e79eaf-746d-4ca2-ac2d-f53b3f83d9c1 ==============================
[0m11:13:47.055674 [info ] [MainThread]: Running with dbt=1.11.11
[0m11:13:47.057693 [debug] [MainThread]: running dbt with arguments {'static_parser': 'True', 'no_print': 'None', 'version_check': 'True', 'target_path': 'None', 'warn_error_options': 'WarnErrorOptionsV2(error=[], warn=[], silence=[])', 'printer_width': '80', 'write_json': 'True', 'empty': 'None', 'log_cache_events': 'False', 'introspect': 'True', 'cache_selected_only': 'False', 'log_format': 'default', 'debug': 'False', 'fail_fast': 'False', 'partial_parse': 'True', 'send_anonymous_usage_stats': 'True', 'quiet': 'False', 'warn_error': 'None', 'profiles_dir': 'C:\\Users\\pranav.shirali\\.dbt', 'use_colors': 'True', 'invocation_command': 'dbt debug', 'indirect_selection': 'eager', 'use_experimental_parser': 'False', 'log_path': 'logs'}
[0m11:13:47.406961 [info ] [MainThread]: dbt version: 1.11.11
[0m11:13:47.406961 [info ] [MainThread]: python version: 3.12.9
[0m11:13:47.406961 [info ] [MainThread]: python path: C:\Users\pranav.shirali\OneDrive - Altimetrik Corp\Projects\DBT_PROJECT\.venv\Scripts\python.exe
[0m11:13:47.408981 [info ] [MainThread]: os info: Windows-11-10.0.26200-SP0
[0m11:13:53.934446 [debug] [MainThread]: Spark adapter: Setting pyhive.hive logging to ERROR
[0m11:13:53.934446 [debug] [MainThread]: Spark adapter: Setting thrift.transport logging to ERROR
[0m11:13:53.934446 [debug] [MainThread]: Spark adapter: Setting thrift.protocol logging to ERROR
[0m11:14:01.982143 [info ] [MainThread]: Using profiles dir at C:\Users\pranav.shirali\.dbt
[0m11:14:01.984153 [info ] [MainThread]: Using profiles.yml file at C:\Users\pranav.shirali\.dbt\profiles.yml
[0m11:14:01.984153 [info ] [MainThread]: Using dbt_project.yml file at C:\Users\pranav.shirali\OneDrive - Altimetrik Corp\Projects\DBT_PROJECT\dbt_project.yml
[0m11:14:01.984153 [info ] [MainThread]: adapter type: databricks
[0m11:14:01.986168 [info ] [MainThread]: adapter version: 1.12.1
[0m11:14:01.986168 [info ] [MainThread]: Configuration:
[0m11:14:01.986168 [info ] [MainThread]:   profiles.yml file [[32mOK found and valid[0m]
[0m11:14:01.986168 [info ] [MainThread]:   dbt_project.yml file [[31mERROR not found[0m]
[0m11:14:01.986168 [info ] [MainThread]: Required dependencies:
[0m11:14:01.986168 [debug] [MainThread]: Executing "git --help"
[0m11:14:02.408991 [debug] [MainThread]: STDOUT: "b"usage: git [-v | --version] [-h | --help] [-C <path>] [-c <name>=<value>]\n           [--exec-path[=<path>]] [--html-path] [--man-path] [--info-path]\n           [-p | --paginate | -P | --no-pager] [--no-replace-objects] [--no-lazy-fetch]\n           [--no-optional-locks] [--no-advice] [--bare] [--git-dir=<path>]\n           [--work-tree=<path>] [--namespace=<name>] [--config-env=<name>=<envvar>]\n           <command> [<args>]\n\nThese are common Git commands used in various situations:\n\nstart a working area (see also: git help tutorial)\n   clone      Clone a repository into a new directory\n   init       Create an empty Git repository or reinitialize an existing one\n\nwork on the current change (see also: git help everyday)\n   add        Add file contents to the index\n   mv         Move or rename a file, a directory, or a symlink\n   restore    Restore working tree files\n   rm         Remove files from the working tree and from the index\n\nexamine the history and state (see also: git help revisions)\n   bisect     Use binary search to find the commit that introduced a bug\n   diff       Show changes between commits, commit and working tree, etc\n   grep       Print lines matching a pattern\n   log        Show commit logs\n   show       Show various types of objects\n   status     Show the working tree status\n\ngrow, mark and tweak your common history\n   backfill   Download missing objects in a partial clone\n   branch     List, create, or delete branches\n   commit     Record changes to the repository\n   history    EXPERIMENTAL: Rewrite history\n   merge      Join two or more development histories together\n   rebase     Reapply commits on top of another base tip\n   reset      Set `HEAD` or the index to a known state\n   switch     Switch branches\n   tag        Create, list, delete or verify tags\n\ncollaborate (see also: git help workflows)\n   fetch      Download objects and refs from another repository\n   pull       Fetch from and integrate with another repository or a local branch\n   push       Update remote refs along with associated objects\n\n'git help -a' and 'git help -g' list available subcommands and some\nconcept guides. See 'git help <command>' or 'git help <concept>'\nto read about a specific subcommand or concept.\nSee 'git help git' for an overview of the system.\n""
[0m11:14:02.408991 [debug] [MainThread]: STDERR: "b''"
[0m11:14:02.408991 [info ] [MainThread]:  - git [[32mOK found[0m]

[0m11:14:02.408991 [info ] [MainThread]: Connection:
[0m11:14:02.408991 [info ] [MainThread]:   host: dbc-1c4b93cb-cc9e.cloud.databricks.com
[0m11:14:02.411008 [info ] [MainThread]:   http_path: /sql/1.0/warehouses/fd618408d274d42b
[0m11:14:02.411008 [info ] [MainThread]:   catalog: dbt_tutorial_dev
[0m11:14:02.411008 [info ] [MainThread]:   schema: default
[0m11:14:02.413026 [info ] [MainThread]: Registered adapter: databricks=1.12.1
[0m11:14:06.776604 [debug] [MainThread]: Databricks adapter: DatabricksDBTConnection(session-id=None, name=debug) - Creating connection
[0m11:14:06.776604 [debug] [MainThread]: Acquiring new databricks connection 'debug'
[0m11:14:08.598010 [info ] [MainThread]: Databricks adapter:   SPOG host (host_type='workspace'): no
[0m11:14:08.598010 [info ] [MainThread]: Databricks adapter:   workspace_id (from ?o= in http_path): None
[0m11:14:08.600030 [info ] [MainThread]: Databricks adapter:   databricks-sql-connector version: 4.2.6 (supported)
[0m11:14:08.600030 [info ] [MainThread]: Databricks adapter:   databricks-sdk version: 0.104.0 (supported)
[0m11:14:08.600030 [debug] [MainThread]: Using databricks connection "debug"
[0m11:14:08.600030 [debug] [MainThread]: On debug: select 1 as id
[0m11:14:08.600030 [debug] [MainThread]: Opening a new connection, currently in state init
[0m11:14:13.012886 [debug] [MainThread]: Databricks adapter: Connection(session-id=01f179c6-e094-13f8-981c-8a2daf72c9f0) - Created
[0m11:14:26.587047 [debug] [MainThread]: SQL status: OK in 17.990 seconds
[0m11:14:26.589068 [debug] [MainThread]: Databricks adapter: Cursor(session-id=01f179c6-e094-13f8-981c-8a2daf72c9f0, command-id=01f179c6-e198-10e6-a221-fb43eb8940ce) - Closing
[0m11:14:26.961229 [debug] [MainThread]: On debug: Close
[0m11:14:26.961229 [debug] [MainThread]: Databricks adapter: Connection(session-id=01f179c6-e094-13f8-981c-8a2daf72c9f0) - Closing
[0m11:14:27.288993 [info ] [MainThread]:   Connection test: [[32mOK connection ok[0m]

[0m11:14:27.288993 [info ] [MainThread]: [31m1 check failed:[0m
[0m11:14:27.291005 [info ] [MainThread]: Project loading failed for the following reason:
 project path <C:\Users\pranav.shirali\OneDrive - Altimetrik Corp\Projects\DBT_PROJECT\dbt_project.yml> not found

[0m11:14:27.293023 [debug] [MainThread]: Command `dbt debug` failed at 11:14:27.293023 after 40.71 seconds
[0m11:14:27.293023 [debug] [MainThread]: Sending event: {'category': 'dbt', 'action': 'invocation', 'label': 'end', 'context': [<snowplow_tracker.self_describing_json.SelfDescribingJson object at 0x000001F30BF4F1A0>, <snowplow_tracker.self_describing_json.SelfDescribingJson object at 0x000001F310F3FCE0>, <snowplow_tracker.self_describing_json.SelfDescribingJson object at 0x000001F32A4508F0>]}
[0m11:14:27.293023 [debug] [MainThread]: Flushing usage events
[0m11:14:28.789171 [debug] [MainThread]: An error was encountered while trying to flush usage events
[0m17:43:11.279064 [debug] [MainThread]: Sending event: {'category': 'dbt', 'action': 'invocation', 'label': 'start', 'context': [<snowplow_tracker.self_describing_json.SelfDescribingJson object at 0x000002B73AFFF3E0>, <snowplow_tracker.self_describing_json.SelfDescribingJson object at 0x000002B738C02F90>, <snowplow_tracker.self_describing_json.SelfDescribingJson object at 0x000002B73B3436E0>]}


============================== 17:43:11.289951 | 2f10669d-d845-4331-a942-bd65c9ca77c8 ==============================
[0m17:43:11.289951 [info ] [MainThread]: Running with dbt=1.11.11
[0m17:43:11.290909 [debug] [MainThread]: running dbt with arguments {'static_parser': 'True', 'no_print': 'None', 'version_check': 'True', 'target_path': 'None', 'warn_error_options': 'WarnErrorOptionsV2(error=[], warn=[], silence=[])', 'printer_width': '80', 'write_json': 'True', 'introspect': 'True', 'log_cache_events': 'False', 'empty': 'None', 'cache_selected_only': 'False', 'fail_fast': 'False', 'debug': 'False', 'log_format': 'default', 'profiles_dir': 'C:\\Users\\pranav.shirali\\.dbt', 'send_anonymous_usage_stats': 'True', 'quiet': 'False', 'warn_error': 'None', 'partial_parse': 'True', 'use_colors': 'True', 'invocation_command': 'dbt debug', 'indirect_selection': 'eager', 'use_experimental_parser': 'False', 'log_path': 'logs'}
[0m17:43:11.429324 [info ] [MainThread]: dbt version: 1.11.11
[0m17:43:11.430331 [info ] [MainThread]: python version: 3.12.9
[0m17:43:11.430331 [info ] [MainThread]: python path: C:\Users\pranav.shirali\OneDrive - Altimetrik Corp\Projects\DBT_PROJECT\.venv\Scripts\python.exe
[0m17:43:11.431268 [info ] [MainThread]: os info: Windows-11-10.0.26200-SP0
[0m17:43:15.982623 [debug] [MainThread]: Spark adapter: Setting pyhive.hive logging to ERROR
[0m17:43:15.982623 [debug] [MainThread]: Spark adapter: Setting thrift.transport logging to ERROR
[0m17:43:15.982623 [debug] [MainThread]: Spark adapter: Setting thrift.protocol logging to ERROR
[0m17:43:20.571260 [info ] [MainThread]: Using profiles dir at C:\Users\pranav.shirali\.dbt
[0m17:43:20.573006 [info ] [MainThread]: Using profiles.yml file at C:\Users\pranav.shirali\.dbt\profiles.yml
[0m17:43:20.573006 [info ] [MainThread]: Using dbt_project.yml file at C:\Users\pranav.shirali\OneDrive - Altimetrik Corp\Projects\DBT_PROJECT\dbt_project.yml
[0m17:43:20.573006 [info ] [MainThread]: adapter type: databricks
[0m17:43:20.573006 [info ] [MainThread]: adapter version: 1.12.1
[0m17:43:20.573006 [info ] [MainThread]: Configuration:
[0m17:43:20.573006 [info ] [MainThread]:   profiles.yml file [[32mOK found and valid[0m]
[0m17:43:20.575610 [info ] [MainThread]:   dbt_project.yml file [[31mERROR not found[0m]
[0m17:43:20.575610 [info ] [MainThread]: Required dependencies:
[0m17:43:20.576115 [debug] [MainThread]: Executing "git --help"
[0m17:43:20.831205 [debug] [MainThread]: STDOUT: "b"usage: git [-v | --version] [-h | --help] [-C <path>] [-c <name>=<value>]\n           [--exec-path[=<path>]] [--html-path] [--man-path] [--info-path]\n           [-p | --paginate | -P | --no-pager] [--no-replace-objects] [--no-lazy-fetch]\n           [--no-optional-locks] [--no-advice] [--bare] [--git-dir=<path>]\n           [--work-tree=<path>] [--namespace=<name>] [--config-env=<name>=<envvar>]\n           <command> [<args>]\n\nThese are common Git commands used in various situations:\n\nstart a working area (see also: git help tutorial)\n   clone      Clone a repository into a new directory\n   init       Create an empty Git repository or reinitialize an existing one\n\nwork on the current change (see also: git help everyday)\n   add        Add file contents to the index\n   mv         Move or rename a file, a directory, or a symlink\n   restore    Restore working tree files\n   rm         Remove files from the working tree and from the index\n\nexamine the history and state (see also: git help revisions)\n   bisect     Use binary search to find the commit that introduced a bug\n   diff       Show changes between commits, commit and working tree, etc\n   grep       Print lines matching a pattern\n   log        Show commit logs\n   show       Show various types of objects\n   status     Show the working tree status\n\ngrow, mark and tweak your common history\n   backfill   Download missing objects in a partial clone\n   branch     List, create, or delete branches\n   commit     Record changes to the repository\n   history    EXPERIMENTAL: Rewrite history\n   merge      Join two or more development histories together\n   rebase     Reapply commits on top of another base tip\n   reset      Set `HEAD` or the index to a known state\n   switch     Switch branches\n   tag        Create, list, delete or verify tags\n\ncollaborate (see also: git help workflows)\n   fetch      Download objects and refs from another repository\n   pull       Fetch from and integrate with another repository or a local branch\n   push       Update remote refs along with associated objects\n\n'git help -a' and 'git help -g' list available subcommands and some\nconcept guides. See 'git help <command>' or 'git help <concept>'\nto read about a specific subcommand or concept.\nSee 'git help git' for an overview of the system.\n""
[0m17:43:20.831205 [debug] [MainThread]: STDERR: "b''"
[0m17:43:20.831205 [info ] [MainThread]:  - git [[32mOK found[0m]

[0m17:43:20.831205 [info ] [MainThread]: Connection:
[0m17:43:20.831205 [info ] [MainThread]:   host: dbc-1c4b93cb-cc9e.cloud.databricks.com
[0m17:43:20.831205 [info ] [MainThread]:   http_path: /sql/1.0/warehouses/fd618408d274d42b
[0m17:43:20.831205 [info ] [MainThread]:   catalog: dbt_tutorial_dev
[0m17:43:20.831205 [info ] [MainThread]:   schema: default
[0m17:43:20.831205 [info ] [MainThread]: Registered adapter: databricks=1.12.1
[0m17:43:22.500183 [debug] [MainThread]: Databricks adapter: DatabricksDBTConnection(session-id=None, name=debug) - Creating connection
[0m17:43:22.500183 [debug] [MainThread]: Acquiring new databricks connection 'debug'
[0m17:43:23.960380 [info ] [MainThread]: Databricks adapter:   SPOG host (host_type='workspace'): no
[0m17:43:23.960948 [info ] [MainThread]: Databricks adapter:   workspace_id (from ?o= in http_path): None
[0m17:43:23.961588 [info ] [MainThread]: Databricks adapter:   databricks-sql-connector version: 4.2.6 (supported)
[0m17:43:23.962172 [info ] [MainThread]: Databricks adapter:   databricks-sdk version: 0.104.0 (supported)
[0m17:43:23.962172 [debug] [MainThread]: Using databricks connection "debug"
[0m17:43:23.962843 [debug] [MainThread]: On debug: select 1 as id
[0m17:43:23.962843 [debug] [MainThread]: Opening a new connection, currently in state init
[0m17:43:27.808743 [debug] [MainThread]: Databricks adapter: Connection(session-id=01f17ac6-6c43-13fa-a403-a1f97c330c8f) - Created
[0m17:43:37.243734 [debug] [MainThread]: SQL status: OK in 13.280 seconds
[0m17:43:37.243734 [debug] [MainThread]: Databricks adapter: Cursor(session-id=01f17ac6-6c43-13fa-a403-a1f97c330c8f, command-id=01f17ac6-6d23-1ab7-b60d-9a5c061ce2ee) - Closing
[0m17:43:37.668581 [debug] [MainThread]: On debug: Close
[0m17:43:37.670610 [debug] [MainThread]: Databricks adapter: Connection(session-id=01f17ac6-6c43-13fa-a403-a1f97c330c8f) - Closing
[0m17:43:37.979537 [info ] [MainThread]:   Connection test: [[32mOK connection ok[0m]

[0m17:43:37.979537 [info ] [MainThread]: [31m1 check failed:[0m
[0m17:43:37.981554 [info ] [MainThread]: Project loading failed for the following reason:
 project path <C:\Users\pranav.shirali\OneDrive - Altimetrik Corp\Projects\DBT_PROJECT\dbt_project.yml> not found

[0m17:43:37.983567 [debug] [MainThread]: Command `dbt debug` failed at 17:43:37.983567 after 26.95 seconds
[0m17:43:37.983567 [debug] [MainThread]: Sending event: {'category': 'dbt', 'action': 'invocation', 'label': 'end', 'context': [<snowplow_tracker.self_describing_json.SelfDescribingJson object at 0x000002B73BA3B800>, <snowplow_tracker.self_describing_json.SelfDescribingJson object at 0x000002B73BA707D0>, <snowplow_tracker.self_describing_json.SelfDescribingJson object at 0x000002B73A987B30>]}
[0m17:43:37.983567 [debug] [MainThread]: Flushing usage events
[0m17:43:39.341411 [debug] [MainThread]: An error was encountered while trying to flush usage events
